<?xml version="1.0" encoding="UTF-8"?>
<!-- Generated by org.testng.reporters.JUnitReportReporter -->
<testsuite hostname="CL-ONILAWEERA" name="QATest" tests="2" failures="0" timestamp="22 Nov 2015 07:19:10 GMT" time="42.983" errors="0">
  <testcase name="search" time="35.579" classname="QATest"/>
  <testcase name="search_nagative" time="7.404" classname="QATest"/>
</testsuite> <!-- QATest -->
